Arguments: 
  /usr/local/Cellar/node@12/12.16.1/bin/node /Users/destroyer/.yarn/bin/yarn.js init -Y

PATH: 
  /Users/destroyer/.yarn/bin:/Users/destroyer/.config/yarn/global/node_modules/.bin:/usr/local/opt/node@12/bin:/usr/local/sbin:/Users/destroyer/.zplugin/polaris/bin:/Users/destroyer/Applications/flutter/bin:/Users/destroyer/.npm-global/bin:/Users/destroyer/.yarn/bin:/Users/destroyer/.config/yarn/global/node_modules/.bin:/usr/local/opt/node@12/bin:/usr/local/sbin:/Users/destroyer/.zplugin/polaris/bin:/Users/destroyer/Applications/flutter/bin:/Users/destroyer/.npm-global/bin:/usr/local/bin:/usr/bin:/bin:/usr/sbin:/sbin:/Users/destroyer/Library/Android/sdk/tools:/Users/destroyer/Library/Android/sdk/platform-tools:/Library/Frameworks/Firebird.framework/Resources/bin:/Users/destroyer/Library/Android/sdk/tools:/Users/destroyer/Library/Android/sdk/platform-tools:/Library/Frameworks/Firebird.framework/Resources/bin

Yarn version: 
  1.22.4

Node version: 
  12.16.1

Platform: 
  darwin x64

Trace: 
  Error: canceled
      at Interface.<anonymous> (/Users/destroyer/.yarn/lib/cli.js:137008:13)
      at Interface.emit (events.js:311:20)
      at Interface._ttyWrite (readline.js:893:16)
      at ReadStream.onkeypress (readline.js:198:10)
      at ReadStream.emit (events.js:311:20)
      at emitKeys (internal/readline/utils.js:438:14)
      at emitKeys.next (<anonymous>)
      at ReadStream.onData (readline.js:1160:36)
      at ReadStream.emit (events.js:311:20)
      at addChunk (_stream_readable.js:294:12)

npm manifest: 
  No manifest

yarn manifest: 
  No manifest

Lockfile: 
  No lockfile
